<?xml version="1.0" encoding="UTF-8" ?>
<testsuites errors="0"
            failures="2"
            tests="1">

  <testsuite name="employeePractice"
    errors="0" failures="2" hostname="" id="" package="employeePractice" skipped="0"
    tests="1" time="2.707" timestamp="">
  
    <testcase name="Name Change Save" classname="employeePractice" time="2.707" assertions="2">  <failure message="Testing if element &lt;input[name=&#34;nameEntry&#34;]&gt; contains text: &#34;Bernice Ortiz&#34; in 1000 ms. - expected [0;32m&#34;Bernice Ortiz&#34;[0m but got: [0;31m&#34;&#34;[0m">    at Object.Name Change Save (C:\Users\Mat\DevMountain\practiceAutomation\tests\employeePractice.js:11:17)
    at processTicksAndRejections (internal/process/task_queues.js:89:5)</failure>

      <failure message="Testing if element &lt;input[name=&#34;nameEntry&#34;]&gt; contains text: &#34;nightwatch&#34; in 1000 ms. - expected [0;32m&#34;nightwatch&#34;[0m but got: [0;31m&#34;&#34;[0m">    at Object.Name Change Save (C:\Users\Mat\DevMountain\practiceAutomation\tests\employeePractice.js:17:17)
    at processTicksAndRejections (internal/process/task_queues.js:89:5)</failure>

    <failure message="    at Object.Name Change Save (C:\Users\Mat\DevMountain\practiceAutomation\tests\employeePractice.js:17:17)">    at processTicksAndRejections (internal/process/task_queues.js:89:5)</failure>
    </testcase>
  

  

  
  </testsuite>
</testsuites>
